<?xml version="1.0" encoding="UTF-8"?>
<!-- Generated by org.testng.reporters.JUnitReportReporter -->
<testsuite hostname="Arun" failures="0" tests="6" name="greenCart.Header" time="3.062" errors="0" timestamp="2025-08-11T14:00:29 IST" skipped="0">
  <testcase classname="greenCart.Header" name="headerLink_FlightBooking" time="0.593"/>
  <testcase classname="greenCart.Header" name="headerLink_Flashlink" time="1.030"/>
  <testcase classname="greenCart.Header" name="search" time="0.406"/>
  <testcase classname="greenCart.Header" name="logo" time="0.069"/>
  <testcase classname="greenCart.Header" name="toCheckout" time="0.352"/>
  <testcase classname="greenCart.Header" name="headerLink_TopDeals" time="0.612"/>
</testsuite> <!-- greenCart.Header -->
