<?xml version="1.0" encoding="UTF-8"?>
<!-- Generated by org.testng.reporters.JUnitReportReporter -->
<testsuite hostname="Arun" failures="0" tests="6" name="greenCart.GreenCart_Header" time="2.989" errors="0" timestamp="2025-08-11T01:26:55 IST" skipped="0">
  <testcase classname="greenCart.GreenCart_Header" name="headerLink_FlightBooking" time="0.628"/>
  <testcase classname="greenCart.GreenCart_Header" name="headerLink_Flashlink" time="1.140"/>
  <testcase classname="greenCart.GreenCart_Header" name="logo" time="0.068"/>
  <testcase classname="greenCart.GreenCart_Header" name="search" time="0.359"/>
  <testcase classname="greenCart.GreenCart_Header" name="toCheckout" time="0.391"/>
  <testcase classname="greenCart.GreenCart_Header" name="headerLink_TopDeals" time="0.403"/>
</testsuite> <!-- greenCart.GreenCart_Header -->
