<?xml version="1.0" encoding="UTF-8"?>
<!-- Generated by org.testng.reporters.JUnitReportReporter -->
<testsuite hostname="Arun" failures="0" tests="6" name="greenCart.GreenCart_Header" time="2.268" errors="0" timestamp="2025-08-10T23:07:59 IST" skipped="0">
  <testcase classname="greenCart.GreenCart_Header" name="logo" time="0.033"/>
  <testcase classname="greenCart.GreenCart_Header" name="search" time="0.308"/>
  <testcase classname="greenCart.GreenCart_Header" name="cart" time="0.005"/>
  <testcase classname="greenCart.GreenCart_Header" name="headerLink_FlightBooking" time="0.547"/>
  <testcase classname="greenCart.GreenCart_Header" name="headerLink_TopDeals" time="0.363"/>
  <testcase classname="greenCart.GreenCart_Header" name="headerLink_Flashlink" time="1.012"/>
</testsuite> <!-- greenCart.GreenCart_Header -->
