<?xml version="1.0" encoding="UTF-8"?>
<!-- Generated by org.testng.reporters.JUnitReportReporter -->
<testsuite hostname="Arun" failures="0" tests="4" name="greenCart.OrderReview" time="0.444" errors="0" timestamp="2025-08-11T14:00:29 IST" skipped="0">
  <testcase classname="greenCart.OrderReview" name="agreeCheckbox" time="0.125"/>
  <testcase classname="greenCart.OrderReview" name="countrySelection" time="0.165"/>
  <testcase classname="greenCart.OrderReview" name="proceedToOrder" time="0.112"/>
  <testcase classname="greenCart.OrderReview" name="orderSucessMsg" time="0.042"/>
</testsuite> <!-- greenCart.OrderReview -->
