<?xml version="1.0" encoding="UTF-8"?>
<!-- Generated by org.testng.reporters.JUnitReportReporter -->
<testsuite hostname="Arun" failures="0" tests="5" name="greenCart.Footer" time="0.119" errors="0" timestamp="2025-08-10T23:07:59 IST" skipped="0">
  <testcase classname="greenCart.Footer" name="footerText_Comparasion" time="0.000"/>
  <testcase classname="greenCart.Footer" name="footerText_Comparasion" time="0.002"/>
  <testcase classname="greenCart.Footer" name="footerText" time="0.112"/>
  <testcase classname="greenCart.Footer" name="footerText_Comparasion" time="0.003"/>
  <testcase classname="greenCart.Footer" name="footerText_Comparasion" time="0.002"/>
</testsuite> <!-- greenCart.Footer -->
