<?xml version="1.0" encoding="UTF-8"?>
<!-- Generated by org.testng.reporters.JUnitReportReporter -->
<testsuite hostname="Arun" failures="0" tests="5" name="greenCart.Footer" time="0.045" errors="0" timestamp="2025-08-11T14:00:29 IST" skipped="0">
  <testcase classname="greenCart.Footer" name="footerText_Comparasion" time="0.002"/>
  <testcase classname="greenCart.Footer" name="footerText_Comparasion" time="0.002"/>
  <testcase classname="greenCart.Footer" name="footerText" time="0.038"/>
  <testcase classname="greenCart.Footer" name="footerText_Comparasion" time="0.002"/>
  <testcase classname="greenCart.Footer" name="footerText_Comparasion" time="0.001"/>
</testsuite> <!-- greenCart.Footer -->
