<?xml version="1.0" encoding="UTF-8"?>
<!-- Generated by org.testng.reporters.JUnitReportReporter -->
<testsuite hostname="Arun" failures="0" tests="3" name="greenCart.CheckoutPage" time="6.588" errors="0" timestamp="2025-08-11T14:00:29 IST" skipped="0">
  <testcase classname="greenCart.CheckoutPage" name="promoCode" time="5.805"/>
  <testcase classname="greenCart.CheckoutPage" name="promoCode" time="0.617"/>
  <testcase classname="greenCart.CheckoutPage" name="checkoutAction" time="0.166"/>
</testsuite> <!-- greenCart.CheckoutPage -->
