<?xml version="1.0" encoding="UTF-8"?>
<!-- Generated by org.testng.reporters.JUnitReportReporter -->
<testsuite hostname="Arun" failures="0" tests="3" name="greenCart.CheckoutPage" time="6.141" errors="0" timestamp="2025-08-11T20:15:38 IST" skipped="0">
  <testcase classname="greenCart.CheckoutPage" name="promoCode" time="5.769"/>
  <testcase classname="greenCart.CheckoutPage" name="promoCode" time="0.265"/>
  <testcase classname="greenCart.CheckoutPage" name="checkoutAction" time="0.107"/>
</testsuite> <!-- greenCart.CheckoutPage -->
