<?xml version="1.0" encoding="UTF-8"?>
<!-- Generated by org.testng.reporters.JUnitReportReporter -->
<testsuite hostname="Arun" failures="0" tests="6" name="greenCart.Header" time="2.605" errors="0" timestamp="2025-08-11T20:15:38 IST" skipped="0">
  <testcase classname="greenCart.Header" name="headerLink_Flashlink" time="0.875"/>
  <testcase classname="greenCart.Header" name="headerLink_FlightBooking" time="0.608"/>
  <testcase classname="greenCart.Header" name="logo" time="0.043"/>
  <testcase classname="greenCart.Header" name="search" time="0.286"/>
  <testcase classname="greenCart.Header" name="headerLink_TopDeals" time="0.495"/>
  <testcase classname="greenCart.Header" name="toCheckout" time="0.298"/>
</testsuite> <!-- greenCart.Header -->
