<?xml version="1.0" encoding="UTF-8"?>
<!-- Generated by org.testng.reporters.JUnitReportReporter -->
<testsuite hostname="Arun" failures="0" tests="5" name="greenCart.Footer" time="0.030" errors="0" timestamp="2025-08-11T20:15:38 IST" skipped="0">
  <testcase classname="greenCart.Footer" name="footerText_Comparasion" time="0.001"/>
  <testcase classname="greenCart.Footer" name="footerText_Comparasion" time="0.000"/>
  <testcase classname="greenCart.Footer" name="footerText_Comparasion" time="0.001"/>
  <testcase classname="greenCart.Footer" name="footerText" time="0.028"/>
  <testcase classname="greenCart.Footer" name="footerText_Comparasion" time="0.000"/>
</testsuite> <!-- greenCart.Footer -->
