<?xml version="1.0" encoding="UTF-8"?>
<!-- Generated by org.testng.reporters.JUnitReportReporter -->
<testsuite hostname="Arun" failures="0" tests="4" name="greenCart.OrderReview" time="0.309" errors="0" timestamp="2025-08-11T20:15:38 IST" skipped="0">
  <testcase classname="greenCart.OrderReview" name="agreeCheckbox" time="0.097"/>
  <testcase classname="greenCart.OrderReview" name="proceedToOrder" time="0.077"/>
  <testcase classname="greenCart.OrderReview" name="countrySelection" time="0.108"/>
  <testcase classname="greenCart.OrderReview" name="orderSucessMsg" time="0.027"/>
</testsuite> <!-- greenCart.OrderReview -->
